<?xml version="1.0" encoding="UTF-8"?>
<testsuite name="runner.TestRunner" time="0.001" tests="8" errors="0" skipped="0" failures="0">
  <properties>
[...]
</properties>
  <testcase name="Given I open chrome browser" classname="Scenario: Login using valid credentials 1" time="0.001"/>
  <testcase name="When I visit the qa environment" classname="Scenario: Login using valid credentials 1" time="0"/>
  <testcase name="Then I should be on the login page" classname="Scenario: Login using valid credentials 1" time="0"/>
  <testcase name="And I enter &quot;batch08@codegator.us.basic&quot; username" classname="Scenario: Login using valid credentials 1" time="0"/>
  <testcase name="And I enter &quot;Welcome2&quot; password" classname="Scenario: Login using valid credentials 1" time="0"/>
  <testcase name="When I click the login button" classname="Scenario: Login using valid credentials 1" time="0"/>
  <testcase name="Then I should see the home page" classname="Scenario: Login using valid credentials 1" time="0"/>
  <testcase name="Scenario: Login using valid credentials 1" classname="Scenario: Login using valid credentials 1" time="0"/>
</testsuite>